<?xml version="1.0" encoding="UTF-8"?>
<coverage generated="1648812762080" clover="3.2.0">
  <project timestamp="1648812762080" name="All files">
    <metrics statements="18" coveredstatements="18" conditionals="2" coveredconditionals="2" methods="9" coveredmethods="9" elements="29" coveredelements="29" complexity="0" loc="18" ncloc="18" packages="1" files="1" classes="1"/>
    <file name="operation.js" path="/Users/drigoalexander/Documents/Alterra/Vue-js_Drigo-Alexander/16_VueQC/praktikum/src/utils/operation.js">
      <metrics statements="18" coveredstatements="18" conditionals="2" coveredconditionals="2" methods="9" coveredmethods="9"/>
      <line num="1" count="1" type="stmt"/>
      <line num="2" count="3" type="stmt"/>
      <line num="5" count="1" type="stmt"/>
      <line num="6" count="3" type="stmt"/>
      <line num="9" count="1" type="stmt"/>
      <line num="10" count="3" type="stmt"/>
      <line num="13" count="1" type="stmt"/>
      <line num="14" count="3" type="stmt"/>
      <line num="17" count="1" type="stmt"/>
      <line num="24" count="3" type="stmt"/>
      <line num="30" count="1" type="stmt"/>
      <line num="31" count="3" type="stmt"/>
      <line num="34" count="1" type="cond" truecount="1" falsecount="0"/>
      <line num="35" count="3" type="stmt"/>
      <line num="38" count="1" type="cond" truecount="1" falsecount="0"/>
      <line num="39" count="6" type="stmt"/>
      <line num="42" count="1" type="stmt"/>
      <line num="43" count="3" type="stmt"/>
    </file>
  </project>
</coverage>
