TN:
SF:src/utils/operation.js
FN:1,(anonymous_0)
FN:5,(anonymous_1)
FN:9,(anonymous_2)
FN:13,(anonymous_3)
FN:17,(anonymous_4)
FN:30,(anonymous_5)
FN:34,(anonymous_6)
FN:38,(anonymous_7)
FN:42,(anonymous_8)
FNF:9
FNH:9
FNDA:3,(anonymous_0)
FNDA:3,(anonymous_1)
FNDA:3,(anonymous_2)
FNDA:3,(anonymous_3)
FNDA:3,(anonymous_4)
FNDA:3,(anonymous_5)
FNDA:3,(anonymous_6)
FNDA:6,(anonymous_7)
FNDA:3,(anonymous_8)
DA:1,1
DA:2,3
DA:5,1
DA:6,3
DA:9,1
DA:10,3
DA:13,1
DA:14,3
DA:17,1
DA:24,3
DA:30,1
DA:31,3
DA:34,1
DA:35,3
DA:38,1
DA:39,6
DA:42,1
DA:43,3
LF:18
LH:18
BRDA:34,0,0,3
BRDA:38,1,0,6
BRF:2
BRH:2
end_of_record
